"2017-12-11 17:33:33 - Starting SpringJdbcApplication v1.0.0 on sachin-Inspiron-N4010 with PID 8083 (/home/sachin/dhc/dhc-service-1.0.0.jar started by sachin in /home/sachin/dhc)
""2017-12-11 17:33:33 - No active profile set, falling back to default profiles: default
""2017-12-11 17:33:33 - Refreshing org.springframework.boot.context.embedded.AnnotationConfigEmbeddedWebApplicationContext@621be5d1: startup date [Mon Dec 11 17:33:33 IST 2017]; root of context hierarchy
""2017-12-11 17:33:36 - Overriding bean definition for bean 'dataSource' with a different definition: replacing [Root bean: class [null]; scope=; abstract=false; lazyInit=false; autowireMode=3; dependencyCheck=0; autowireCandidate=true; primary=false; factoryBeanName=org.springframework.boot.autoconfigure.jdbc.DataSourceConfiguration$Hikari; factoryMethodName=dataSource; initMethodName=null; destroyMethodName=(inferred); defined in class path resource [org/springframework/boot/autoconfigure/jdbc/DataSourceConfiguration$Hikari.class]] with [Root bean: class [null]; scope=; abstract=false; lazyInit=false; autowireMode=3; dependencyCheck=0; autowireCandidate=true; primary=false; factoryBeanName=org.springframework.boot.autoconfigure.jdbc.DataSourceConfiguration$Tomcat; factoryMethodName=dataSource; initMethodName=null; destroyMethodName=(inferred); defined in class path resource [org/springframework/boot/autoconfigure/jdbc/DataSourceConfiguration$Tomcat.class]]
""2017-12-11 17:33:36 - JSR-330 'javax.inject.Inject' annotation found and supported for autowiring
""2017-12-11 17:33:37 - Bean 'org.springframework.transaction.annotation.ProxyTransactionManagementConfiguration' of type [org.springframework.transaction.annotation.ProxyTransactionManagementConfiguration$$EnhancerBySpringCGLIB$$b589c175] is not eligible for getting processed by all BeanPostProcessors (for example: not eligible for auto-proxying)
""2017-12-11 17:33:38 - Tomcat initialized with port(s): 8083 (http)
""2017-12-11 17:33:38 - Starting service [Tomcat]
""2017-12-11 17:33:38 - Starting Servlet Engine: Apache Tomcat/8.5.16
""2017-12-11 17:33:38 - Initializing Spring embedded WebApplicationContext
""2017-12-11 17:33:38 - Root WebApplicationContext: initialization completed in 5560 ms
""2017-12-11 17:33:39 - Mapping servlet: 'dispatcherServlet' to [/]
""2017-12-11 17:33:39 - Mapping filter: 'DHCFilter' to: [/*]
""2017-12-11 17:33:39 - Mapping filter: 'characterEncodingFilter' to: [/*]
""2017-12-11 17:33:39 - Mapping filter: 'hiddenHttpMethodFilter' to: [/*]
""2017-12-11 17:33:39 - Mapping filter: 'httpPutFormContentFilter' to: [/*]
""2017-12-11 17:33:39 - Mapping filter: 'requestContextFilter' to: [/*]
""2017-12-11 17:33:42 - Mapped "{[/v1/appointment],methods=[POST],produces=[application/json]}" onto public com.etree.dhc.response.Response com.etree.dhc.controller.appointment.AppointmentController.saveAppointment(com.etree.dhc.model.appointment.AppointmentModel,javax.servlet.http.HttpServletRequest,javax.servlet.http.HttpServletResponse) throws java.lang.Exception
""2017-12-11 17:33:42 - Mapped "{[/v1/appointment/{appointmentId}],methods=[GET],produces=[application/json]}" onto public java.lang.String com.etree.dhc.controller.appointment.AppointmentController.getAppointment(java.lang.String,javax.servlet.http.HttpServletRequest,javax.servlet.http.HttpServletResponse) throws java.lang.Exception
""2017-12-11 17:33:42 - Mapped "{[/v1/appointments],methods=[GET],produces=[application/json]}" onto public java.lang.String com.etree.dhc.controller.appointment.AppointmentController.getAppointments(javax.servlet.http.HttpServletRequest,javax.servlet.http.HttpServletResponse) throws java.lang.Exception
""2017-12-11 17:33:42 - Mapped "{[/v1/appointments/{userId}],methods=[GET],produces=[application/json]}" onto public java.lang.String com.etree.dhc.controller.appointment.AppointmentController.getAppointmentsByUser(java.lang.String,javax.servlet.http.HttpServletRequest,javax.servlet.http.HttpServletResponse) throws java.lang.Exception
""2017-12-11 17:33:42 - Mapped "{[/v1/appointment],methods=[PUT],produces=[application/json]}" onto public com.etree.dhc.response.Response com.etree.dhc.controller.appointment.AppointmentController.updateAppointment(com.etree.dhc.model.appointment.AppointmentModel,javax.servlet.http.HttpServletRequest,javax.servlet.http.HttpServletResponse) throws java.lang.Exception
""2017-12-11 17:33:42 - Mapped "{[/v1/disease],methods=[PUT],produces=[application/json]}" onto public com.etree.dhc.response.Response com.etree.dhc.controller.disease.DiseaseController.updateDisease(com.etree.dhc.model.disease.DiseaseModel,javax.servlet.http.HttpServletRequest,javax.servlet.http.HttpServletResponse) throws java.lang.Exception
""2017-12-11 17:33:42 - Mapped "{[/v1/diseases],methods=[GET],produces=[application/json]}" onto public java.lang.String com.etree.dhc.controller.disease.DiseaseController.getDiseases(javax.servlet.http.HttpServletRequest,javax.servlet.http.HttpServletResponse) throws java.lang.Exception
""2017-12-11 17:33:42 - Mapped "{[/v1/disease],methods=[POST],produces=[application/json]}" onto public com.etree.dhc.response.Response com.etree.dhc.controller.disease.DiseaseController.saveDisease(com.etree.dhc.model.disease.DiseaseModel,javax.servlet.http.HttpServletRequest,javax.servlet.http.HttpServletResponse) throws java.lang.Exception
""2017-12-11 17:33:42 - Mapped "{[/v1/disease/{diseaseId}],methods=[GET],produces=[application/json]}" onto public java.lang.String com.etree.dhc.controller.disease.DiseaseController.getDisease(java.lang.String,javax.servlet.http.HttpServletRequest,javax.servlet.http.HttpServletResponse) throws java.lang.Exception
""2017-12-11 17:33:42 - Mapped "{[/v1/drug],methods=[PUT],produces=[application/json]}" onto public com.etree.dhc.response.Response com.etree.dhc.controller.drug.DrugController.updateDrug(com.etree.dhc.model.drug.DrugModel,javax.servlet.http.HttpServletRequest,javax.servlet.http.HttpServletResponse) throws java.lang.Exception
""2017-12-11 17:33:42 - Mapped "{[/v1/drug/{drugId}],methods=[GET],produces=[application/json]}" onto public java.lang.String com.etree.dhc.controller.drug.DrugController.getDrug(java.lang.String,javax.servlet.http.HttpServletRequest,javax.servlet.http.HttpServletResponse) throws java.lang.Exception
""2017-12-11 17:33:42 - Mapped "{[/v1/drugs],methods=[GET],produces=[application/json]}" onto public java.lang.String com.etree.dhc.controller.drug.DrugController.getDrugs(javax.servlet.http.HttpServletRequest,javax.servlet.http.HttpServletResponse) throws java.lang.Exception
""2017-12-11 17:33:42 - Mapped "{[/v1/drug],methods=[POST],produces=[application/json]}" onto public com.etree.dhc.response.Response com.etree.dhc.controller.drug.DrugController.saveDrug(com.etree.dhc.model.drug.DrugModel,javax.servlet.http.HttpServletRequest,javax.servlet.http.HttpServletResponse) throws java.lang.Exception
""2017-12-11 17:33:42 - Mapped "{[/v1/enquiries],methods=[GET],produces=[application/json]}" onto public java.lang.String com.etree.dhc.controller.enquiry.EnquiryController.getEnquiries(javax.servlet.http.HttpServletRequest,javax.servlet.http.HttpServletResponse) throws java.lang.Exception
""2017-12-11 17:33:42 - Mapped "{[/v1/enquiry],methods=[POST],produces=[application/json]}" onto public com.etree.dhc.response.Response com.etree.dhc.controller.enquiry.EnquiryController.saveEnquiry(com.etree.dhc.model.enquiry.EnquiryModel,javax.servlet.http.HttpServletRequest,javax.servlet.http.HttpServletResponse) throws java.lang.Exception
""2017-12-11 17:33:42 - Mapped "{[/v1/enquiry],methods=[PUT],produces=[application/json]}" onto public com.etree.dhc.response.Response com.etree.dhc.controller.enquiry.EnquiryController.updateEnquiry(com.etree.dhc.model.enquiry.EnquiryModel,javax.servlet.http.HttpServletRequest,javax.servlet.http.HttpServletResponse) throws java.lang.Exception
""2017-12-11 17:33:42 - Mapped "{[/v1/enquiry/{enquiryId}],methods=[GET],produces=[application/json]}" onto public java.lang.String com.etree.dhc.controller.enquiry.EnquiryController.getEnquiry(java.lang.String,javax.servlet.http.HttpServletRequest,javax.servlet.http.HttpServletResponse) throws java.lang.Exception
""2017-12-11 17:33:42 - Mapped "{[/v1/countries],methods=[GET],produces=[application/json]}" onto public java.lang.String com.etree.dhc.controller.geography.GeographyController.getCountries(javax.servlet.http.HttpServletRequest,javax.servlet.http.HttpServletResponse) throws java.lang.Exception
""2017-12-11 17:33:42 - Mapped "{[/v1/states],methods=[GET],produces=[application/json]}" onto public java.lang.String com.etree.dhc.controller.geography.GeographyController.getStates(javax.servlet.http.HttpServletRequest,javax.servlet.http.HttpServletResponse) throws java.lang.Exception
""2017-12-11 17:33:42 - Mapped "{[/v1/statesByCountryId/{countryId}],methods=[GET],produces=[application/json]}" onto public java.lang.String com.etree.dhc.controller.geography.GeographyController.getStatesByCountryId(int,javax.servlet.http.HttpServletRequest,javax.servlet.http.HttpServletResponse) throws java.lang.Exception
""2017-12-11 17:33:42 - Mapped "{[/v1/cities],methods=[GET],produces=[application/json]}" onto public java.lang.String com.etree.dhc.controller.geography.GeographyController.getCities(javax.servlet.http.HttpServletRequest,javax.servlet.http.HttpServletResponse) throws java.lang.Exception
""2017-12-11 17:33:42 - Mapped "{[/v1/citiesByStateId/{stateId}],methods=[GET],produces=[application/json]}" onto public java.lang.String com.etree.dhc.controller.geography.GeographyController.getCitiesByStateId(int,javax.servlet.http.HttpServletRequest,javax.servlet.http.HttpServletResponse) throws java.lang.Exception
""2017-12-11 17:33:42 - Mapped "{[/],methods=[GET]}" onto public java.lang.String com.etree.dhc.controller.HomeController.home(java.util.Locale,org.springframework.ui.Model,javax.servlet.http.HttpServletRequest)
""2017-12-11 17:33:42 - Mapped "{[/healthcheck],methods=[GET]}" onto public java.lang.String com.etree.dhc.controller.HomeController.display(javax.servlet.http.HttpServletRequest,javax.servlet.http.HttpServletResponse)
""2017-12-11 17:33:42 - Mapped "{[/v1/image],methods=[POST]}" onto public com.etree.dhc.response.Response com.etree.dhc.controller.image.ImageController.saveImage(org.springframework.web.multipart.MultipartFile,java.lang.String,java.lang.String,org.springframework.web.servlet.mvc.support.RedirectAttributes) throws java.lang.Exception
""2017-12-11 17:33:42 - Mapped "{[/v1/image],methods=[PUT]}" onto public com.etree.dhc.response.Response com.etree.dhc.controller.image.ImageController.updateImage(org.springframework.web.multipart.MultipartFile,java.lang.String,java.lang.String,org.springframework.web.servlet.mvc.support.RedirectAttributes) throws java.lang.Exception
""2017-12-11 17:33:42 - Mapped "{[/v1/image/{imageId}],methods=[GET]}" onto public org.springframework.http.ResponseEntity<org.springframework.core.io.Resource> com.etree.dhc.controller.image.ImageController.getImage(java.lang.String)
""2017-12-11 17:33:42 - Mapped "{[/v1/imagesByUserAndCategory],methods=[POST],produces=[application/json]}" onto public java.lang.String com.etree.dhc.controller.image.ImageController.getImagesByUserAndCategory(com.etree.dhc.model.image.ImageModel,javax.servlet.http.HttpServletRequest,javax.servlet.http.HttpServletResponse) throws java.lang.Exception
""2017-12-11 17:33:42 - Mapped "{[/v1/images/{userId}],methods=[GET],produces=[application/json]}" onto public java.lang.String com.etree.dhc.controller.image.ImageController.getImagesByUser(java.lang.String,javax.servlet.http.HttpServletRequest,javax.servlet.http.HttpServletResponse) throws java.lang.Exception
""2017-12-11 17:33:42 - Mapped "{[/v1/labs],methods=[GET],produces=[application/json]}" onto public java.lang.String com.etree.dhc.controller.lab.LabController.getLabs(javax.servlet.http.HttpServletRequest,javax.servlet.http.HttpServletResponse) throws java.lang.Exception
""2017-12-11 17:33:42 - Mapped "{[/v1/lab],methods=[POST],produces=[application/json]}" onto public com.etree.dhc.response.Response com.etree.dhc.controller.lab.LabController.saveLab(com.etree.dhc.model.lab.LabModel,javax.servlet.http.HttpServletRequest,javax.servlet.http.HttpServletResponse) throws java.lang.Exception
""2017-12-11 17:33:42 - Mapped "{[/v1/lab],methods=[PUT],produces=[application/json]}" onto public com.etree.dhc.response.Response com.etree.dhc.controller.lab.LabController.updateLab(com.etree.dhc.model.lab.LabModel,javax.servlet.http.HttpServletRequest,javax.servlet.http.HttpServletResponse) throws java.lang.Exception
""2017-12-11 17:33:42 - Mapped "{[/v1/lab/{labId}],methods=[GET],produces=[application/json]}" onto public java.lang.String com.etree.dhc.controller.lab.LabController.getLab(java.lang.String,javax.servlet.http.HttpServletRequest,javax.servlet.http.HttpServletResponse) throws java.lang.Exception
""2017-12-11 17:33:42 - Mapped "{[/v1/organizations],methods=[GET],produces=[application/json]}" onto public java.lang.String com.etree.dhc.controller.organization.OrganizationController.getOrganizations(javax.servlet.http.HttpServletRequest,javax.servlet.http.HttpServletResponse) throws java.lang.Exception
""2017-12-11 17:33:42 - Mapped "{[/v1/organization],methods=[POST],produces=[application/json]}" onto public com.etree.dhc.response.Response com.etree.dhc.controller.organization.OrganizationController.saveOrganization(com.etree.dhc.model.organization.OrganizationModel,javax.servlet.http.HttpServletRequest,javax.servlet.http.HttpServletResponse) throws java.lang.Exception
""2017-12-11 17:33:42 - Mapped "{[/v1/organization],methods=[PUT],produces=[application/json]}" onto public com.etree.dhc.response.Response com.etree.dhc.controller.organization.OrganizationController.updateOrganization(com.etree.dhc.model.organization.OrganizationModel,javax.servlet.http.HttpServletRequest,javax.servlet.http.HttpServletResponse) throws java.lang.Exception
""2017-12-11 17:33:42 - Mapped "{[/v1/organization/{organizationId}],methods=[GET],produces=[application/json]}" onto public java.lang.String com.etree.dhc.controller.organization.OrganizationController.getOrganization(java.lang.String,javax.servlet.http.HttpServletRequest,javax.servlet.http.HttpServletResponse) throws java.lang.Exception
""2017-12-11 17:33:42 - Mapped "{[/v1/prescriptions],methods=[GET],produces=[application/json]}" onto public java.lang.String com.etree.dhc.controller.prescription.PrescriptionController.getPrescriptions(javax.servlet.http.HttpServletRequest,javax.servlet.http.HttpServletResponse) throws java.lang.Exception
""2017-12-11 17:33:42 - Mapped "{[/v1/prescription],methods=[POST],produces=[application/json]}" onto public com.etree.dhc.response.Response com.etree.dhc.controller.prescription.PrescriptionController.savePrescription(com.etree.dhc.model.prescription.PrescriptionModel,javax.servlet.http.HttpServletRequest,javax.servlet.http.HttpServletResponse) throws java.lang.Exception
""2017-12-11 17:33:42 - Mapped "{[/v1/prescription],methods=[PUT],produces=[application/json]}" onto public com.etree.dhc.response.Response com.etree.dhc.controller.prescription.PrescriptionController.updatePrescription(com.etree.dhc.model.prescription.PrescriptionModel,javax.servlet.http.HttpServletRequest,javax.servlet.http.HttpServletResponse) throws java.lang.Exception
""2017-12-11 17:33:42 - Mapped "{[/v1/prescription/{prescriptionId}],methods=[GET],produces=[application/json]}" onto public java.lang.String com.etree.dhc.controller.prescription.PrescriptionController.getPrescription(java.lang.String,javax.servlet.http.HttpServletRequest,javax.servlet.http.HttpServletResponse) throws java.lang.Exception
""2017-12-11 17:33:42 - Mapped "{[/v1/qualifications],methods=[GET],produces=[application/json]}" onto public java.lang.String com.etree.dhc.controller.qualification.QualificationController.getQualifications(javax.servlet.http.HttpServletRequest,javax.servlet.http.HttpServletResponse) throws java.lang.Exception
""2017-12-11 17:33:42 - Mapped "{[/v1/qualification],methods=[POST],produces=[application/json]}" onto public com.etree.dhc.response.Response com.etree.dhc.controller.qualification.QualificationController.saveQualification(com.etree.dhc.model.qualification.QualificationModel,javax.servlet.http.HttpServletRequest,javax.servlet.http.HttpServletResponse) throws java.lang.Exception
""2017-12-11 17:33:42 - Mapped "{[/v1/qualification],methods=[PUT],produces=[application/json]}" onto public com.etree.dhc.response.Response com.etree.dhc.controller.qualification.QualificationController.updateQualification(com.etree.dhc.model.qualification.QualificationModel,javax.servlet.http.HttpServletRequest,javax.servlet.http.HttpServletResponse) throws java.lang.Exception
""2017-12-11 17:33:42 - Mapped "{[/v1/qualification/{qualificationId}],methods=[GET],produces=[application/json]}" onto public java.lang.String com.etree.dhc.controller.qualification.QualificationController.getQualification(java.lang.String,javax.servlet.http.HttpServletRequest,javax.servlet.http.HttpServletResponse) throws java.lang.Exception
""2017-12-11 17:33:42 - Mapped "{[/v1/specializations],methods=[GET],produces=[application/json]}" onto public java.lang.String com.etree.dhc.controller.specialization.SpecializationController.getSpecializations(javax.servlet.http.HttpServletRequest,javax.servlet.http.HttpServletResponse) throws java.lang.Exception
""2017-12-11 17:33:42 - Mapped "{[/v1/specialization],methods=[POST],produces=[application/json]}" onto public com.etree.dhc.response.Response com.etree.dhc.controller.specialization.SpecializationController.saveSpecialization(com.etree.dhc.model.specialization.SpecializationModel,javax.servlet.http.HttpServletRequest,javax.servlet.http.HttpServletResponse) throws java.lang.Exception
""2017-12-11 17:33:42 - Mapped "{[/v1/specialization],methods=[PUT],produces=[application/json]}" onto public com.etree.dhc.response.Response com.etree.dhc.controller.specialization.SpecializationController.updateSpecialization(com.etree.dhc.model.specialization.SpecializationModel,javax.servlet.http.HttpServletRequest,javax.servlet.http.HttpServletResponse) throws java.lang.Exception
""2017-12-11 17:33:42 - Mapped "{[/v1/specialization/{specializationId}],methods=[GET],produces=[application/json]}" onto public java.lang.String com.etree.dhc.controller.specialization.SpecializationController.getSpecialization(java.lang.String,javax.servlet.http.HttpServletRequest,javax.servlet.http.HttpServletResponse) throws java.lang.Exception
""2017-12-11 17:33:42 - Mapped "{[/v1/symptoms],methods=[GET],produces=[application/json]}" onto public java.lang.String com.etree.dhc.controller.symptom.SymptomController.getSymptoms(javax.servlet.http.HttpServletRequest,javax.servlet.http.HttpServletResponse) throws java.lang.Exception
""2017-12-11 17:33:42 - Mapped "{[/v1/symptom],methods=[POST],produces=[application/json]}" onto public com.etree.dhc.response.Response com.etree.dhc.controller.symptom.SymptomController.saveSymptom(com.etree.dhc.model.symptom.SymptomModel,javax.servlet.http.HttpServletRequest,javax.servlet.http.HttpServletResponse) throws java.lang.Exception
""2017-12-11 17:33:42 - Mapped "{[/v1/symptom],methods=[PUT],produces=[application/json]}" onto public com.etree.dhc.response.Response com.etree.dhc.controller.symptom.SymptomController.updateSymptom(com.etree.dhc.model.symptom.SymptomModel,javax.servlet.http.HttpServletRequest,javax.servlet.http.HttpServletResponse) throws java.lang.Exception
""2017-12-11 17:33:42 - Mapped "{[/v1/symptom/{symptomId}],methods=[GET],produces=[application/json]}" onto public java.lang.String com.etree.dhc.controller.symptom.SymptomController.getSymptom(java.lang.String,javax.servlet.http.HttpServletRequest,javax.servlet.http.HttpServletResponse) throws java.lang.Exception
""2017-12-11 17:33:42 - Mapped "{[/v1/login],methods=[POST],produces=[application/json]}" onto public java.lang.String com.etree.dhc.controller.user.UserController.authenticate(com.etree.dhc.model.user.UserModel,javax.servlet.http.HttpServletRequest,javax.servlet.http.HttpServletResponse) throws java.lang.Exception
""2017-12-11 17:33:42 - Mapped "{[/v1/users],methods=[GET],produces=[application/json]}" onto public java.lang.String com.etree.dhc.controller.user.UserController.getUsers(javax.servlet.http.HttpServletRequest,javax.servlet.http.HttpServletResponse) throws java.lang.Exception
""2017-12-11 17:33:42 - Mapped "{[/v1/user/resetPassword],methods=[PUT],produces=[application/json]}" onto public java.lang.String com.etree.dhc.controller.user.UserController.resetPassword(com.etree.dhc.model.user.ResetPassword,javax.servlet.http.HttpServletRequest,javax.servlet.http.HttpServletResponse) throws java.lang.Exception
""2017-12-11 17:33:42 - Mapped "{[/v1/user/changePassword],methods=[PUT],produces=[application/json]}" onto public java.lang.String com.etree.dhc.controller.user.UserController.changePassword(com.etree.dhc.model.user.UpdatePassword,javax.servlet.http.HttpServletRequest,javax.servlet.http.HttpServletResponse) throws java.lang.Exception
""2017-12-11 17:33:42 - Mapped "{[/v1/user],methods=[POST],produces=[application/json]}" onto public com.etree.dhc.response.Response com.etree.dhc.controller.user.UserController.saveUser(com.etree.dhc.model.user.UserModel,javax.servlet.http.HttpServletRequest,javax.servlet.http.HttpServletResponse) throws java.lang.Exception
""2017-12-11 17:33:42 - Mapped "{[/v1/user/{userId}],methods=[GET],produces=[application/json]}" onto public java.lang.String com.etree.dhc.controller.user.UserController.getUser(java.lang.String,javax.servlet.http.HttpServletRequest,javax.servlet.http.HttpServletResponse) throws java.lang.Exception
""2017-12-11 17:33:42 - Mapped "{[/v1/userExist/{userName}],methods=[GET],produces=[application/json]}" onto public java.lang.String com.etree.dhc.controller.user.UserController.isUserNameExist(java.lang.String,javax.servlet.http.HttpServletRequest,javax.servlet.http.HttpServletResponse) throws java.lang.Exception
""2017-12-11 17:33:42 - Mapped "{[/v1/userAppointments],methods=[GET],produces=[application/json]}" onto public java.lang.String com.etree.dhc.controller.userappointment.UserAppointmentController.getUserAppointments(javax.servlet.http.HttpServletRequest,javax.servlet.http.HttpServletResponse) throws java.lang.Exception
""2017-12-11 17:33:42 - Mapped "{[/v1/userAppointment],methods=[POST],produces=[application/json]}" onto public com.etree.dhc.response.Response com.etree.dhc.controller.userappointment.UserAppointmentController.saveUserAppointment(com.etree.dhc.model.userappointment.UserAppointmentModel,javax.servlet.http.HttpServletRequest,javax.servlet.http.HttpServletResponse) throws java.lang.Exception
""2017-12-11 17:33:42 - Mapped "{[/v1/userAppointment],methods=[PUT],produces=[application/json]}" onto public com.etree.dhc.response.Response com.etree.dhc.controller.userappointment.UserAppointmentController.updateUserAppointment(com.etree.dhc.model.userappointment.UserAppointmentModel,javax.servlet.http.HttpServletRequest,javax.servlet.http.HttpServletResponse) throws java.lang.Exception
""2017-12-11 17:33:42 - Mapped "{[/v1/userAppointment/{userAppointmentId}],methods=[GET],produces=[application/json]}" onto public java.lang.String com.etree.dhc.controller.userappointment.UserAppointmentController.getUserAppointment(java.lang.String,javax.servlet.http.HttpServletRequest,javax.servlet.http.HttpServletResponse) throws java.lang.Exception
""2017-12-11 17:33:42 - Mapped "{[/v1/userMedications],methods=[GET],produces=[application/json]}" onto public java.lang.String com.etree.dhc.controller.usermedication.UserMedicationController.getUserMedications(javax.servlet.http.HttpServletRequest,javax.servlet.http.HttpServletResponse) throws java.lang.Exception
""2017-12-11 17:33:42 - Mapped "{[/v1/userMedication],methods=[POST],produces=[application/json]}" onto public com.etree.dhc.response.Response com.etree.dhc.controller.usermedication.UserMedicationController.saveUserMedication(com.etree.dhc.model.usermedication.UserMedicationModel,javax.servlet.http.HttpServletRequest,javax.servlet.http.HttpServletResponse) throws java.lang.Exception
""2017-12-11 17:33:42 - Mapped "{[/v1/userMedication],methods=[PUT],produces=[application/json]}" onto public com.etree.dhc.response.Response com.etree.dhc.controller.usermedication.UserMedicationController.updateUserMedication(com.etree.dhc.model.usermedication.UserMedicationModel,javax.servlet.http.HttpServletRequest,javax.servlet.http.HttpServletResponse) throws java.lang.Exception
""2017-12-11 17:33:42 - Mapped "{[/v1/userMedication/{userMedicationId}],methods=[GET],produces=[application/json]}" onto public java.lang.String com.etree.dhc.controller.usermedication.UserMedicationController.getUserMedication(java.lang.String,javax.servlet.http.HttpServletRequest,javax.servlet.http.HttpServletResponse) throws java.lang.Exception
""2017-12-11 17:33:42 - Mapped "{[/v1/usermeta],methods=[PUT],produces=[application/json]}" onto public com.etree.dhc.response.Response com.etree.dhc.controller.usermeta.UserMetaController.updateUserMeta(com.etree.dhc.model.usermeta.UserMetaModel,javax.servlet.http.HttpServletRequest,javax.servlet.http.HttpServletResponse) throws java.lang.Exception
""2017-12-11 17:33:42 - Mapped "{[/v1/usermeta/{userId}],methods=[GET],produces=[application/json]}" onto public java.lang.String com.etree.dhc.controller.usermeta.UserMetaController.getUserMeta(java.lang.String,javax.servlet.http.HttpServletRequest,javax.servlet.http.HttpServletResponse) throws java.lang.Exception
""2017-12-11 17:33:42 - Mapped "{[/v2/api-docs],methods=[GET],produces=[application/json || application/hal+json]}" onto public org.springframework.http.ResponseEntity<springfox.documentation.spring.web.json.Json> springfox.documentation.swagger2.web.Swagger2Controller.getDocumentation(java.lang.String,javax.servlet.http.HttpServletRequest)
""2017-12-11 17:33:42 - Mapped "{[/swagger-resources/configuration/ui]}" onto org.springframework.http.ResponseEntity<springfox.documentation.swagger.web.UiConfiguration> springfox.documentation.swagger.web.ApiResourceController.uiConfiguration()
""2017-12-11 17:33:42 - Mapped "{[/swagger-resources/configuration/security]}" onto org.springframework.http.ResponseEntity<springfox.documentation.swagger.web.SecurityConfiguration> springfox.documentation.swagger.web.ApiResourceController.securityConfiguration()
""2017-12-11 17:33:42 - Mapped "{[/swagger-resources]}" onto org.springframework.http.ResponseEntity<java.util.List<springfox.documentation.swagger.web.SwaggerResource>> springfox.documentation.swagger.web.ApiResourceController.swaggerResources()
""2017-12-11 17:33:42 - Mapped "{[/error],produces=[text/html]}" onto public org.springframework.web.servlet.ModelAndView org.springframework.boot.autoconfigure.web.BasicErrorController.errorHtml(javax.servlet.http.HttpServletRequest,javax.servlet.http.HttpServletResponse)
""2017-12-11 17:33:42 - Mapped "{[/error]}" onto public org.springframework.http.ResponseEntity<java.util.Map<java.lang.String, java.lang.Object>> org.springframework.boot.autoconfigure.web.BasicErrorController.error(javax.servlet.http.HttpServletRequest)
""2017-12-11 17:33:43 - Looking for @ControllerAdvice: org.springframework.boot.context.embedded.AnnotationConfigEmbeddedWebApplicationContext@621be5d1: startup date [Mon Dec 11 17:33:33 IST 2017]; root of context hierarchy
""2017-12-11 17:33:43 - Mapped URL path [/webjars/**] onto handler of type [class org.springframework.web.servlet.resource.ResourceHttpRequestHandler]
""2017-12-11 17:33:43 - Mapped URL path [/**] onto handler of type [class org.springframework.web.servlet.resource.ResourceHttpRequestHandler]
""2017-12-11 17:33:43 - Mapped URL path [/**/favicon.ico] onto handler of type [class org.springframework.web.servlet.resource.ResourceHttpRequestHandler]
""2017-12-11 17:33:44 - Registering beans for JMX exposure on startup
""2017-12-11 17:33:44 - Starting beans in phase 2147483647
""2017-12-11 17:33:44 - Context refreshed
""2017-12-11 17:33:44 - Found 1 custom documentation plugin(s)
""2017-12-11 17:33:44 - Scanning for api listing references
""2017-12-11 17:33:46 - Tomcat started on port(s): 8083 (http)
""2017-12-11 17:33:46 - Started SpringJdbcApplication in 14.823 seconds (JVM running for 15.961)
""2017-12-11 17:34:24 - Starting SpringJdbcApplication v1.0.0 on sachin-Inspiron-N4010 with PID 8127 (/home/sachin/dhc/dhc-service-1.0.0.jar started by sachin in /home/sachin/dhc)
""2017-12-11 17:34:24 - No active profile set, falling back to default profiles: default
""2017-12-11 17:34:25 - Refreshing org.springframework.boot.context.embedded.AnnotationConfigEmbeddedWebApplicationContext@621be5d1: startup date [Mon Dec 11 17:34:25 IST 2017]; root of context hierarchy
""2017-12-11 17:34:28 - Overriding bean definition for bean 'dataSource' with a different definition: replacing [Root bean: class [null]; scope=; abstract=false; lazyInit=false; autowireMode=3; dependencyCheck=0; autowireCandidate=true; primary=false; factoryBeanName=org.springframework.boot.autoconfigure.jdbc.DataSourceConfiguration$Hikari; factoryMethodName=dataSource; initMethodName=null; destroyMethodName=(inferred); defined in class path resource [org/springframework/boot/autoconfigure/jdbc/DataSourceConfiguration$Hikari.class]] with [Root bean: class [null]; scope=; abstract=false; lazyInit=false; autowireMode=3; dependencyCheck=0; autowireCandidate=true; primary=false; factoryBeanName=org.springframework.boot.autoconfigure.jdbc.DataSourceConfiguration$Tomcat; factoryMethodName=dataSource; initMethodName=null; destroyMethodName=(inferred); defined in class path resource [org/springframework/boot/autoconfigure/jdbc/DataSourceConfiguration$Tomcat.class]]
""2017-12-11 17:34:29 - JSR-330 'javax.inject.Inject' annotation found and supported for autowiring
""2017-12-11 17:34:29 - Bean 'org.springframework.transaction.annotation.ProxyTransactionManagementConfiguration' of type [org.springframework.transaction.annotation.ProxyTransactionManagementConfiguration$$EnhancerBySpringCGLIB$$f20a6c12] is not eligible for getting processed by all BeanPostProcessors (for example: not eligible for auto-proxying)
""2017-12-11 17:34:31 - Tomcat initialized with port(s): 8083 (http)
""2017-12-11 17:34:31 - Starting service [Tomcat]
""2017-12-11 17:34:31 - Starting Servlet Engine: Apache Tomcat/8.5.16
""2017-12-11 17:34:31 - Initializing Spring embedded WebApplicationContext
""2017-12-11 17:34:31 - Root WebApplicationContext: initialization completed in 6816 ms
""2017-12-11 17:34:32 - Mapping servlet: 'dispatcherServlet' to [/]
""2017-12-11 17:34:33 - Mapping filter: 'DHCFilter' to: [/*]
""2017-12-11 17:34:33 - Mapping filter: 'characterEncodingFilter' to: [/*]
""2017-12-11 17:34:33 - Mapping filter: 'hiddenHttpMethodFilter' to: [/*]
""2017-12-11 17:34:33 - Mapping filter: 'httpPutFormContentFilter' to: [/*]
""2017-12-11 17:34:33 - Mapping filter: 'requestContextFilter' to: [/*]
""2017-12-11 17:34:35 - Mapped "{[/v1/appointments],methods=[GET],produces=[application/json]}" onto public java.lang.String com.etree.dhc.controller.appointment.AppointmentController.getAppointments(javax.servlet.http.HttpServletRequest,javax.servlet.http.HttpServletResponse) throws java.lang.Exception
""2017-12-11 17:34:35 - Mapped "{[/v1/appointments/{userId}],methods=[GET],produces=[application/json]}" onto public java.lang.String com.etree.dhc.controller.appointment.AppointmentController.getAppointmentsByUser(java.lang.String,javax.servlet.http.HttpServletRequest,javax.servlet.http.HttpServletResponse) throws java.lang.Exception
""2017-12-11 17:34:35 - Mapped "{[/v1/appointment],methods=[POST],produces=[application/json]}" onto public com.etree.dhc.response.Response com.etree.dhc.controller.appointment.AppointmentController.saveAppointment(com.etree.dhc.model.appointment.AppointmentModel,javax.servlet.http.HttpServletRequest,javax.servlet.http.HttpServletResponse) throws java.lang.Exception
""2017-12-11 17:34:35 - Mapped "{[/v1/appointment],methods=[PUT],produces=[application/json]}" onto public com.etree.dhc.response.Response com.etree.dhc.controller.appointment.AppointmentController.updateAppointment(com.etree.dhc.model.appointment.AppointmentModel,javax.servlet.http.HttpServletRequest,javax.servlet.http.HttpServletResponse) throws java.lang.Exception
""2017-12-11 17:34:35 - Mapped "{[/v1/appointment/{appointmentId}],methods=[GET],produces=[application/json]}" onto public java.lang.String com.etree.dhc.controller.appointment.AppointmentController.getAppointment(java.lang.String,javax.servlet.http.HttpServletRequest,javax.servlet.http.HttpServletResponse) throws java.lang.Exception
""2017-12-11 17:34:35 - Mapped "{[/v1/diseases],methods=[GET],produces=[application/json]}" onto public java.lang.String com.etree.dhc.controller.disease.DiseaseController.getDiseases(javax.servlet.http.HttpServletRequest,javax.servlet.http.HttpServletResponse) throws java.lang.Exception
""2017-12-11 17:34:35 - Mapped "{[/v1/disease],methods=[POST],produces=[application/json]}" onto public com.etree.dhc.response.Response com.etree.dhc.controller.disease.DiseaseController.saveDisease(com.etree.dhc.model.disease.DiseaseModel,javax.servlet.http.HttpServletRequest,javax.servlet.http.HttpServletResponse) throws java.lang.Exception
""2017-12-11 17:34:35 - Mapped "{[/v1/disease],methods=[PUT],produces=[application/json]}" onto public com.etree.dhc.response.Response com.etree.dhc.controller.disease.DiseaseController.updateDisease(com.etree.dhc.model.disease.DiseaseModel,javax.servlet.http.HttpServletRequest,javax.servlet.http.HttpServletResponse) throws java.lang.Exception
""2017-12-11 17:34:35 - Mapped "{[/v1/disease/{diseaseId}],methods=[GET],produces=[application/json]}" onto public java.lang.String com.etree.dhc.controller.disease.DiseaseController.getDisease(java.lang.String,javax.servlet.http.HttpServletRequest,javax.servlet.http.HttpServletResponse) throws java.lang.Exception
""2017-12-11 17:34:35 - Mapped "{[/v1/drugs],methods=[GET],produces=[application/json]}" onto public java.lang.String com.etree.dhc.controller.drug.DrugController.getDrugs(javax.servlet.http.HttpServletRequest,javax.servlet.http.HttpServletResponse) throws java.lang.Exception
""2017-12-11 17:34:35 - Mapped "{[/v1/drug],methods=[POST],produces=[application/json]}" onto public com.etree.dhc.response.Response com.etree.dhc.controller.drug.DrugController.saveDrug(com.etree.dhc.model.drug.DrugModel,javax.servlet.http.HttpServletRequest,javax.servlet.http.HttpServletResponse) throws java.lang.Exception
""2017-12-11 17:34:35 - Mapped "{[/v1/drug],methods=[PUT],produces=[application/json]}" onto public com.etree.dhc.response.Response com.etree.dhc.controller.drug.DrugController.updateDrug(com.etree.dhc.model.drug.DrugModel,javax.servlet.http.HttpServletRequest,javax.servlet.http.HttpServletResponse) throws java.lang.Exception
""2017-12-11 17:34:35 - Mapped "{[/v1/drug/{drugId}],methods=[GET],produces=[application/json]}" onto public java.lang.String com.etree.dhc.controller.drug.DrugController.getDrug(java.lang.String,javax.servlet.http.HttpServletRequest,javax.servlet.http.HttpServletResponse) throws java.lang.Exception
""2017-12-11 17:34:35 - Mapped "{[/v1/enquiries],methods=[GET],produces=[application/json]}" onto public java.lang.String com.etree.dhc.controller.enquiry.EnquiryController.getEnquiries(javax.servlet.http.HttpServletRequest,javax.servlet.http.HttpServletResponse) throws java.lang.Exception
""2017-12-11 17:34:35 - Mapped "{[/v1/enquiry],methods=[POST],produces=[application/json]}" onto public com.etree.dhc.response.Response com.etree.dhc.controller.enquiry.EnquiryController.saveEnquiry(com.etree.dhc.model.enquiry.EnquiryModel,javax.servlet.http.HttpServletRequest,javax.servlet.http.HttpServletResponse) throws java.lang.Exception
""2017-12-11 17:34:35 - Mapped "{[/v1/enquiry],methods=[PUT],produces=[application/json]}" onto public com.etree.dhc.response.Response com.etree.dhc.controller.enquiry.EnquiryController.updateEnquiry(com.etree.dhc.model.enquiry.EnquiryModel,javax.servlet.http.HttpServletRequest,javax.servlet.http.HttpServletResponse) throws java.lang.Exception
""2017-12-11 17:34:35 - Mapped "{[/v1/enquiry/{enquiryId}],methods=[GET],produces=[application/json]}" onto public java.lang.String com.etree.dhc.controller.enquiry.EnquiryController.getEnquiry(java.lang.String,javax.servlet.http.HttpServletRequest,javax.servlet.http.HttpServletResponse) throws java.lang.Exception
""2017-12-11 17:34:35 - Mapped "{[/v1/countries],methods=[GET],produces=[application/json]}" onto public java.lang.String com.etree.dhc.controller.geography.GeographyController.getCountries(javax.servlet.http.HttpServletRequest,javax.servlet.http.HttpServletResponse) throws java.lang.Exception
""2017-12-11 17:34:35 - Mapped "{[/v1/states],methods=[GET],produces=[application/json]}" onto public java.lang.String com.etree.dhc.controller.geography.GeographyController.getStates(javax.servlet.http.HttpServletRequest,javax.servlet.http.HttpServletResponse) throws java.lang.Exception
""2017-12-11 17:34:35 - Mapped "{[/v1/statesByCountryId/{countryId}],methods=[GET],produces=[application/json]}" onto public java.lang.String com.etree.dhc.controller.geography.GeographyController.getStatesByCountryId(int,javax.servlet.http.HttpServletRequest,javax.servlet.http.HttpServletResponse) throws java.lang.Exception
""2017-12-11 17:34:35 - Mapped "{[/v1/cities],methods=[GET],produces=[application/json]}" onto public java.lang.String com.etree.dhc.controller.geography.GeographyController.getCities(javax.servlet.http.HttpServletRequest,javax.servlet.http.HttpServletResponse) throws java.lang.Exception
""2017-12-11 17:34:35 - Mapped "{[/v1/citiesByStateId/{stateId}],methods=[GET],produces=[application/json]}" onto public java.lang.String com.etree.dhc.controller.geography.GeographyController.getCitiesByStateId(int,javax.servlet.http.HttpServletRequest,javax.servlet.http.HttpServletResponse) throws java.lang.Exception
""2017-12-11 17:34:35 - Mapped "{[/],methods=[GET]}" onto public java.lang.String com.etree.dhc.controller.HomeController.home(java.util.Locale,org.springframework.ui.Model,javax.servlet.http.HttpServletRequest)
""2017-12-11 17:34:35 - Mapped "{[/healthcheck],methods=[GET]}" onto public java.lang.String com.etree.dhc.controller.HomeController.display(javax.servlet.http.HttpServletRequest,javax.servlet.http.HttpServletResponse)
""2017-12-11 17:34:35 - Mapped "{[/v1/image],methods=[POST]}" onto public com.etree.dhc.response.Response com.etree.dhc.controller.image.ImageController.saveImage(org.springframework.web.multipart.MultipartFile,java.lang.String,java.lang.String,org.springframework.web.servlet.mvc.support.RedirectAttributes) throws java.lang.Exception
""2017-12-11 17:34:35 - Mapped "{[/v1/image],methods=[PUT]}" onto public com.etree.dhc.response.Response com.etree.dhc.controller.image.ImageController.updateImage(org.springframework.web.multipart.MultipartFile,java.lang.String,java.lang.String,org.springframework.web.servlet.mvc.support.RedirectAttributes) throws java.lang.Exception
""2017-12-11 17:34:35 - Mapped "{[/v1/image/{imageId}],methods=[GET]}" onto public org.springframework.http.ResponseEntity<org.springframework.core.io.Resource> com.etree.dhc.controller.image.ImageController.getImage(java.lang.String)
""2017-12-11 17:34:35 - Mapped "{[/v1/imagesByUserAndCategory],methods=[POST],produces=[application/json]}" onto public java.lang.String com.etree.dhc.controller.image.ImageController.getImagesByUserAndCategory(com.etree.dhc.model.image.ImageModel,javax.servlet.http.HttpServletRequest,javax.servlet.http.HttpServletResponse) throws java.lang.Exception
""2017-12-11 17:34:35 - Mapped "{[/v1/images/{userId}],methods=[GET],produces=[application/json]}" onto public java.lang.String com.etree.dhc.controller.image.ImageController.getImagesByUser(java.lang.String,javax.servlet.http.HttpServletRequest,javax.servlet.http.HttpServletResponse) throws java.lang.Exception
""2017-12-11 17:34:35 - Mapped "{[/v1/labs],methods=[GET],produces=[application/json]}" onto public java.lang.String com.etree.dhc.controller.lab.LabController.getLabs(javax.servlet.http.HttpServletRequest,javax.servlet.http.HttpServletResponse) throws java.lang.Exception
""2017-12-11 17:34:35 - Mapped "{[/v1/lab],methods=[POST],produces=[application/json]}" onto public com.etree.dhc.response.Response com.etree.dhc.controller.lab.LabController.saveLab(com.etree.dhc.model.lab.LabModel,javax.servlet.http.HttpServletRequest,javax.servlet.http.HttpServletResponse) throws java.lang.Exception
""2017-12-11 17:34:35 - Mapped "{[/v1/lab],methods=[PUT],produces=[application/json]}" onto public com.etree.dhc.response.Response com.etree.dhc.controller.lab.LabController.updateLab(com.etree.dhc.model.lab.LabModel,javax.servlet.http.HttpServletRequest,javax.servlet.http.HttpServletResponse) throws java.lang.Exception
""2017-12-11 17:34:35 - Mapped "{[/v1/lab/{labId}],methods=[GET],produces=[application/json]}" onto public java.lang.String com.etree.dhc.controller.lab.LabController.getLab(java.lang.String,javax.servlet.http.HttpServletRequest,javax.servlet.http.HttpServletResponse) throws java.lang.Exception
""2017-12-11 17:34:35 - Mapped "{[/v1/organizations],methods=[GET],produces=[application/json]}" onto public java.lang.String com.etree.dhc.controller.organization.OrganizationController.getOrganizations(javax.servlet.http.HttpServletRequest,javax.servlet.http.HttpServletResponse) throws java.lang.Exception
""2017-12-11 17:34:35 - Mapped "{[/v1/organization],methods=[POST],produces=[application/json]}" onto public com.etree.dhc.response.Response com.etree.dhc.controller.organization.OrganizationController.saveOrganization(com.etree.dhc.model.organization.OrganizationModel,javax.servlet.http.HttpServletRequest,javax.servlet.http.HttpServletResponse) throws java.lang.Exception
""2017-12-11 17:34:35 - Mapped "{[/v1/organization],methods=[PUT],produces=[application/json]}" onto public com.etree.dhc.response.Response com.etree.dhc.controller.organization.OrganizationController.updateOrganization(com.etree.dhc.model.organization.OrganizationModel,javax.servlet.http.HttpServletRequest,javax.servlet.http.HttpServletResponse) throws java.lang.Exception
""2017-12-11 17:34:35 - Mapped "{[/v1/organization/{organizationId}],methods=[GET],produces=[application/json]}" onto public java.lang.String com.etree.dhc.controller.organization.OrganizationController.getOrganization(java.lang.String,javax.servlet.http.HttpServletRequest,javax.servlet.http.HttpServletResponse) throws java.lang.Exception
""2017-12-11 17:34:35 - Mapped "{[/v1/prescriptions],methods=[GET],produces=[application/json]}" onto public java.lang.String com.etree.dhc.controller.prescription.PrescriptionController.getPrescriptions(javax.servlet.http.HttpServletRequest,javax.servlet.http.HttpServletResponse) throws java.lang.Exception
""2017-12-11 17:34:35 - Mapped "{[/v1/prescription],methods=[POST],produces=[application/json]}" onto public com.etree.dhc.response.Response com.etree.dhc.controller.prescription.PrescriptionController.savePrescription(com.etree.dhc.model.prescription.PrescriptionModel,javax.servlet.http.HttpServletRequest,javax.servlet.http.HttpServletResponse) throws java.lang.Exception
""2017-12-11 17:34:35 - Mapped "{[/v1/prescription],methods=[PUT],produces=[application/json]}" onto public com.etree.dhc.response.Response com.etree.dhc.controller.prescription.PrescriptionController.updatePrescription(com.etree.dhc.model.prescription.PrescriptionModel,javax.servlet.http.HttpServletRequest,javax.servlet.http.HttpServletResponse) throws java.lang.Exception
""2017-12-11 17:34:35 - Mapped "{[/v1/prescription/{prescriptionId}],methods=[GET],produces=[application/json]}" onto public java.lang.String com.etree.dhc.controller.prescription.PrescriptionController.getPrescription(java.lang.String,javax.servlet.http.HttpServletRequest,javax.servlet.http.HttpServletResponse) throws java.lang.Exception
""2017-12-11 17:34:35 - Mapped "{[/v1/qualifications],methods=[GET],produces=[application/json]}" onto public java.lang.String com.etree.dhc.controller.qualification.QualificationController.getQualifications(javax.servlet.http.HttpServletRequest,javax.servlet.http.HttpServletResponse) throws java.lang.Exception
""2017-12-11 17:34:35 - Mapped "{[/v1/qualification],methods=[POST],produces=[application/json]}" onto public com.etree.dhc.response.Response com.etree.dhc.controller.qualification.QualificationController.saveQualification(com.etree.dhc.model.qualification.QualificationModel,javax.servlet.http.HttpServletRequest,javax.servlet.http.HttpServletResponse) throws java.lang.Exception
""2017-12-11 17:34:35 - Mapped "{[/v1/qualification],methods=[PUT],produces=[application/json]}" onto public com.etree.dhc.response.Response com.etree.dhc.controller.qualification.QualificationController.updateQualification(com.etree.dhc.model.qualification.QualificationModel,javax.servlet.http.HttpServletRequest,javax.servlet.http.HttpServletResponse) throws java.lang.Exception
""2017-12-11 17:34:35 - Mapped "{[/v1/qualification/{qualificationId}],methods=[GET],produces=[application/json]}" onto public java.lang.String com.etree.dhc.controller.qualification.QualificationController.getQualification(java.lang.String,javax.servlet.http.HttpServletRequest,javax.servlet.http.HttpServletResponse) throws java.lang.Exception
""2017-12-11 17:34:35 - Mapped "{[/v1/specializations],methods=[GET],produces=[application/json]}" onto public java.lang.String com.etree.dhc.controller.specialization.SpecializationController.getSpecializations(javax.servlet.http.HttpServletRequest,javax.servlet.http.HttpServletResponse) throws java.lang.Exception
""2017-12-11 17:34:35 - Mapped "{[/v1/specialization],methods=[POST],produces=[application/json]}" onto public com.etree.dhc.response.Response com.etree.dhc.controller.specialization.SpecializationController.saveSpecialization(com.etree.dhc.model.specialization.SpecializationModel,javax.servlet.http.HttpServletRequest,javax.servlet.http.HttpServletResponse) throws java.lang.Exception
""2017-12-11 17:34:35 - Mapped "{[/v1/specialization],methods=[PUT],produces=[application/json]}" onto public com.etree.dhc.response.Response com.etree.dhc.controller.specialization.SpecializationController.updateSpecialization(com.etree.dhc.model.specialization.SpecializationModel,javax.servlet.http.HttpServletRequest,javax.servlet.http.HttpServletResponse) throws java.lang.Exception
""2017-12-11 17:34:35 - Mapped "{[/v1/specialization/{specializationId}],methods=[GET],produces=[application/json]}" onto public java.lang.String com.etree.dhc.controller.specialization.SpecializationController.getSpecialization(java.lang.String,javax.servlet.http.HttpServletRequest,javax.servlet.http.HttpServletResponse) throws java.lang.Exception
""2017-12-11 17:34:35 - Mapped "{[/v1/symptoms],methods=[GET],produces=[application/json]}" onto public java.lang.String com.etree.dhc.controller.symptom.SymptomController.getSymptoms(javax.servlet.http.HttpServletRequest,javax.servlet.http.HttpServletResponse) throws java.lang.Exception
""2017-12-11 17:34:35 - Mapped "{[/v1/symptom],methods=[POST],produces=[application/json]}" onto public com.etree.dhc.response.Response com.etree.dhc.controller.symptom.SymptomController.saveSymptom(com.etree.dhc.model.symptom.SymptomModel,javax.servlet.http.HttpServletRequest,javax.servlet.http.HttpServletResponse) throws java.lang.Exception
""2017-12-11 17:34:35 - Mapped "{[/v1/symptom],methods=[PUT],produces=[application/json]}" onto public com.etree.dhc.response.Response com.etree.dhc.controller.symptom.SymptomController.updateSymptom(com.etree.dhc.model.symptom.SymptomModel,javax.servlet.http.HttpServletRequest,javax.servlet.http.HttpServletResponse) throws java.lang.Exception
""2017-12-11 17:34:35 - Mapped "{[/v1/symptom/{symptomId}],methods=[GET],produces=[application/json]}" onto public java.lang.String com.etree.dhc.controller.symptom.SymptomController.getSymptom(java.lang.String,javax.servlet.http.HttpServletRequest,javax.servlet.http.HttpServletResponse) throws java.lang.Exception
""2017-12-11 17:34:35 - Mapped "{[/v1/login],methods=[POST],produces=[application/json]}" onto public java.lang.String com.etree.dhc.controller.user.UserController.authenticate(com.etree.dhc.model.user.UserModel,javax.servlet.http.HttpServletRequest,javax.servlet.http.HttpServletResponse) throws java.lang.Exception
""2017-12-11 17:34:35 - Mapped "{[/v1/user],methods=[POST],produces=[application/json]}" onto public com.etree.dhc.response.Response com.etree.dhc.controller.user.UserController.saveUser(com.etree.dhc.model.user.UserModel,javax.servlet.http.HttpServletRequest,javax.servlet.http.HttpServletResponse) throws java.lang.Exception
""2017-12-11 17:34:35 - Mapped "{[/v1/user/{userId}],methods=[GET],produces=[application/json]}" onto public java.lang.String com.etree.dhc.controller.user.UserController.getUser(java.lang.String,javax.servlet.http.HttpServletRequest,javax.servlet.http.HttpServletResponse) throws java.lang.Exception
""2017-12-11 17:34:35 - Mapped "{[/v1/userExist/{userName}],methods=[GET],produces=[application/json]}" onto public java.lang.String com.etree.dhc.controller.user.UserController.isUserNameExist(java.lang.String,javax.servlet.http.HttpServletRequest,javax.servlet.http.HttpServletResponse) throws java.lang.Exception
""2017-12-11 17:34:35 - Mapped "{[/v1/users],methods=[GET],produces=[application/json]}" onto public java.lang.String com.etree.dhc.controller.user.UserController.getUsers(javax.servlet.http.HttpServletRequest,javax.servlet.http.HttpServletResponse) throws java.lang.Exception
""2017-12-11 17:34:35 - Mapped "{[/v1/user/resetPassword],methods=[PUT],produces=[application/json]}" onto public java.lang.String com.etree.dhc.controller.user.UserController.resetPassword(com.etree.dhc.model.user.ResetPassword,javax.servlet.http.HttpServletRequest,javax.servlet.http.HttpServletResponse) throws java.lang.Exception
""2017-12-11 17:34:35 - Mapped "{[/v1/user/changePassword],methods=[PUT],produces=[application/json]}" onto public java.lang.String com.etree.dhc.controller.user.UserController.changePassword(com.etree.dhc.model.user.UpdatePassword,javax.servlet.http.HttpServletRequest,javax.servlet.http.HttpServletResponse) throws java.lang.Exception
""2017-12-11 17:34:35 - Mapped "{[/v1/userAppointments],methods=[GET],produces=[application/json]}" onto public java.lang.String com.etree.dhc.controller.userappointment.UserAppointmentController.getUserAppointments(javax.servlet.http.HttpServletRequest,javax.servlet.http.HttpServletResponse) throws java.lang.Exception
""2017-12-11 17:34:35 - Mapped "{[/v1/userAppointment],methods=[POST],produces=[application/json]}" onto public com.etree.dhc.response.Response com.etree.dhc.controller.userappointment.UserAppointmentController.saveUserAppointment(com.etree.dhc.model.userappointment.UserAppointmentModel,javax.servlet.http.HttpServletRequest,javax.servlet.http.HttpServletResponse) throws java.lang.Exception
""2017-12-11 17:34:35 - Mapped "{[/v1/userAppointment],methods=[PUT],produces=[application/json]}" onto public com.etree.dhc.response.Response com.etree.dhc.controller.userappointment.UserAppointmentController.updateUserAppointment(com.etree.dhc.model.userappointment.UserAppointmentModel,javax.servlet.http.HttpServletRequest,javax.servlet.http.HttpServletResponse) throws java.lang.Exception
""2017-12-11 17:34:35 - Mapped "{[/v1/userAppointment/{userAppointmentId}],methods=[GET],produces=[application/json]}" onto public java.lang.String com.etree.dhc.controller.userappointment.UserAppointmentController.getUserAppointment(java.lang.String,javax.servlet.http.HttpServletRequest,javax.servlet.http.HttpServletResponse) throws java.lang.Exception
""2017-12-11 17:34:35 - Mapped "{[/v1/userMedications],methods=[GET],produces=[application/json]}" onto public java.lang.String com.etree.dhc.controller.usermedication.UserMedicationController.getUserMedications(javax.servlet.http.HttpServletRequest,javax.servlet.http.HttpServletResponse) throws java.lang.Exception
""2017-12-11 17:34:35 - Mapped "{[/v1/userMedication],methods=[POST],produces=[application/json]}" onto public com.etree.dhc.response.Response com.etree.dhc.controller.usermedication.UserMedicationController.saveUserMedication(com.etree.dhc.model.usermedication.UserMedicationModel,javax.servlet.http.HttpServletRequest,javax.servlet.http.HttpServletResponse) throws java.lang.Exception
""2017-12-11 17:34:35 - Mapped "{[/v1/userMedication],methods=[PUT],produces=[application/json]}" onto public com.etree.dhc.response.Response com.etree.dhc.controller.usermedication.UserMedicationController.updateUserMedication(com.etree.dhc.model.usermedication.UserMedicationModel,javax.servlet.http.HttpServletRequest,javax.servlet.http.HttpServletResponse) throws java.lang.Exception
""2017-12-11 17:34:35 - Mapped "{[/v1/userMedication/{userMedicationId}],methods=[GET],produces=[application/json]}" onto public java.lang.String com.etree.dhc.controller.usermedication.UserMedicationController.getUserMedication(java.lang.String,javax.servlet.http.HttpServletRequest,javax.servlet.http.HttpServletResponse) throws java.lang.Exception
""2017-12-11 17:34:35 - Mapped "{[/v1/usermeta],methods=[PUT],produces=[application/json]}" onto public com.etree.dhc.response.Response com.etree.dhc.controller.usermeta.UserMetaController.updateUserMeta(com.etree.dhc.model.usermeta.UserMetaModel,javax.servlet.http.HttpServletRequest,javax.servlet.http.HttpServletResponse) throws java.lang.Exception
""2017-12-11 17:34:35 - Mapped "{[/v1/usermeta/{userId}],methods=[GET],produces=[application/json]}" onto public java.lang.String com.etree.dhc.controller.usermeta.UserMetaController.getUserMeta(java.lang.String,javax.servlet.http.HttpServletRequest,javax.servlet.http.HttpServletResponse) throws java.lang.Exception
""2017-12-11 17:34:35 - Mapped "{[/v2/api-docs],methods=[GET],produces=[application/json || application/hal+json]}" onto public org.springframework.http.ResponseEntity<springfox.documentation.spring.web.json.Json> springfox.documentation.swagger2.web.Swagger2Controller.getDocumentation(java.lang.String,javax.servlet.http.HttpServletRequest)
""2017-12-11 17:34:35 - Mapped "{[/swagger-resources/configuration/ui]}" onto org.springframework.http.ResponseEntity<springfox.documentation.swagger.web.UiConfiguration> springfox.documentation.swagger.web.ApiResourceController.uiConfiguration()
""2017-12-11 17:34:35 - Mapped "{[/swagger-resources/configuration/security]}" onto org.springframework.http.ResponseEntity<springfox.documentation.swagger.web.SecurityConfiguration> springfox.documentation.swagger.web.ApiResourceController.securityConfiguration()
""2017-12-11 17:34:35 - Mapped "{[/swagger-resources]}" onto org.springframework.http.ResponseEntity<java.util.List<springfox.documentation.swagger.web.SwaggerResource>> springfox.documentation.swagger.web.ApiResourceController.swaggerResources()
""2017-12-11 17:34:35 - Mapped "{[/error],produces=[text/html]}" onto public org.springframework.web.servlet.ModelAndView org.springframework.boot.autoconfigure.web.BasicErrorController.errorHtml(javax.servlet.http.HttpServletRequest,javax.servlet.http.HttpServletResponse)
""2017-12-11 17:34:35 - Mapped "{[/error]}" onto public org.springframework.http.ResponseEntity<java.util.Map<java.lang.String, java.lang.Object>> org.springframework.boot.autoconfigure.web.BasicErrorController.error(javax.servlet.http.HttpServletRequest)
""2017-12-11 17:34:36 - Looking for @ControllerAdvice: org.springframework.boot.context.embedded.AnnotationConfigEmbeddedWebApplicationContext@621be5d1: startup date [Mon Dec 11 17:34:25 IST 2017]; root of context hierarchy
""2017-12-11 17:34:36 - Mapped URL path [/webjars/**] onto handler of type [class org.springframework.web.servlet.resource.ResourceHttpRequestHandler]
""2017-12-11 17:34:36 - Mapped URL path [/**] onto handler of type [class org.springframework.web.servlet.resource.ResourceHttpRequestHandler]
""2017-12-11 17:34:36 - Mapped URL path [/**/favicon.ico] onto handler of type [class org.springframework.web.servlet.resource.ResourceHttpRequestHandler]
""2017-12-11 17:34:37 - Registering beans for JMX exposure on startup
""2017-12-11 17:34:37 - Starting beans in phase 2147483647
""2017-12-11 17:34:37 - Context refreshed
""2017-12-11 17:34:37 - Found 1 custom documentation plugin(s)
""2017-12-11 17:34:37 - Scanning for api listing references
""2017-12-11 17:34:40 - Failed to start end point associated with ProtocolHandler ["http-nio-8083"]
"java.net.BindException: Address already in use
	at sun.nio.ch.Net.bind0(Native Method)
	at sun.nio.ch.Net.bind(Net.java:433)
	at sun.nio.ch.Net.bind(Net.java:425)
	at sun.nio.ch.ServerSocketChannelImpl.bind(ServerSocketChannelImpl.java:223)
	at sun.nio.ch.ServerSocketAdaptor.bind(ServerSocketAdaptor.java:74)
	at org.apache.tomcat.util.net.NioEndpoint.bind(NioEndpoint.java:210)
	at org.apache.tomcat.util.net.AbstractEndpoint.start(AbstractEndpoint.java:990)
	at org.apache.coyote.AbstractProtocol.start(AbstractProtocol.java:635)
	at org.apache.catalina.connector.Connector.startInternal(Connector.java:1022)
	at org.apache.catalina.util.LifecycleBase.start(LifecycleBase.java:150)
	at org.apache.catalina.core.StandardService.addConnector(StandardService.java:225)
	at org.springframework.boot.context.embedded.tomcat.TomcatEmbeddedServletContainer.addPreviouslyRemovedConnectors(TomcatEmbeddedServletContainer.java:250)
	at org.springframework.boot.context.embedded.tomcat.TomcatEmbeddedServletContainer.start(TomcatEmbeddedServletContainer.java:193)
	at org.springframework.boot.context.embedded.EmbeddedWebApplicationContext.startEmbeddedServletContainer(EmbeddedWebApplicationContext.java:297)
	at org.springframework.boot.context.embedded.EmbeddedWebApplicationContext.finishRefresh(EmbeddedWebApplicationContext.java:145)
	at org.springframework.context.support.AbstractApplicationContext.refresh(AbstractApplicationContext.java:546)
	at org.springframework.boot.context.embedded.EmbeddedWebApplicationContext.refresh(EmbeddedWebApplicationContext.java:122)
	at org.springframework.boot.SpringApplication.refresh(SpringApplication.java:693)
	at org.springframework.boot.SpringApplication.refreshContext(SpringApplication.java:360)
	at org.springframework.boot.SpringApplication.run(SpringApplication.java:303)
	at org.springframework.boot.SpringApplication.run(SpringApplication.java:1118)
	at org.springframework.boot.SpringApplication.run(SpringApplication.java:1107)
	at com.etree.dhc.config.SpringJdbcApplication.main(SpringJdbcApplication.java:10)
	at sun.reflect.NativeMethodAccessorImpl.invoke0(Native Method)
	at sun.reflect.NativeMethodAccessorImpl.invoke(NativeMethodAccessorImpl.java:62)
	at sun.reflect.DelegatingMethodAccessorImpl.invoke(DelegatingMethodAccessorImpl.java:43)
	at java.lang.reflect.Method.invoke(Method.java:498)
	at org.springframework.boot.loader.MainMethodRunner.run(MainMethodRunner.java:48)
	at org.springframework.boot.loader.Launcher.launch(Launcher.java:87)
	at org.springframework.boot.loader.Launcher.launch(Launcher.java:50)
	at org.springframework.boot.loader.JarLauncher.main(JarLauncher.java:51)
"2017-12-11 17:34:40 - Failed to start connector [Connector[HTTP/1.1-8083]]
"org.apache.catalina.LifecycleException: Failed to start component [Connector[HTTP/1.1-8083]]
	at org.apache.catalina.util.LifecycleBase.start(LifecycleBase.java:167)
	at org.apache.catalina.core.StandardService.addConnector(StandardService.java:225)
	at org.springframework.boot.context.embedded.tomcat.TomcatEmbeddedServletContainer.addPreviouslyRemovedConnectors(TomcatEmbeddedServletContainer.java:250)
	at org.springframework.boot.context.embedded.tomcat.TomcatEmbeddedServletContainer.start(TomcatEmbeddedServletContainer.java:193)
	at org.springframework.boot.context.embedded.EmbeddedWebApplicationContext.startEmbeddedServletContainer(EmbeddedWebApplicationContext.java:297)
	at org.springframework.boot.context.embedded.EmbeddedWebApplicationContext.finishRefresh(EmbeddedWebApplicationContext.java:145)
	at org.springframework.context.support.AbstractApplicationContext.refresh(AbstractApplicationContext.java:546)
	at org.springframework.boot.context.embedded.EmbeddedWebApplicationContext.refresh(EmbeddedWebApplicationContext.java:122)
	at org.springframework.boot.SpringApplication.refresh(SpringApplication.java:693)
	at org.springframework.boot.SpringApplication.refreshContext(SpringApplication.java:360)
	at org.springframework.boot.SpringApplication.run(SpringApplication.java:303)
	at org.springframework.boot.SpringApplication.run(SpringApplication.java:1118)
	at org.springframework.boot.SpringApplication.run(SpringApplication.java:1107)
	at com.etree.dhc.config.SpringJdbcApplication.main(SpringJdbcApplication.java:10)
	at sun.reflect.NativeMethodAccessorImpl.invoke0(Native Method)
	at sun.reflect.NativeMethodAccessorImpl.invoke(NativeMethodAccessorImpl.java:62)
	at sun.reflect.DelegatingMethodAccessorImpl.invoke(DelegatingMethodAccessorImpl.java:43)
	at java.lang.reflect.Method.invoke(Method.java:498)
	at org.springframework.boot.loader.MainMethodRunner.run(MainMethodRunner.java:48)
	at org.springframework.boot.loader.Launcher.launch(Launcher.java:87)
	at org.springframework.boot.loader.Launcher.launch(Launcher.java:50)
	at org.springframework.boot.loader.JarLauncher.main(JarLauncher.java:51)
Caused by: org.apache.catalina.LifecycleException: service.getName(): "Tomcat";  Protocol handler start failed
	at org.apache.catalina.connector.Connector.startInternal(Connector.java:1029)
	at org.apache.catalina.util.LifecycleBase.start(LifecycleBase.java:150)
	... 21 common frames omitted
Caused by: java.net.BindException: Address already in use
	at sun.nio.ch.Net.bind0(Native Method)
	at sun.nio.ch.Net.bind(Net.java:433)
	at sun.nio.ch.Net.bind(Net.java:425)
	at sun.nio.ch.ServerSocketChannelImpl.bind(ServerSocketChannelImpl.java:223)
	at sun.nio.ch.ServerSocketAdaptor.bind(ServerSocketAdaptor.java:74)
	at org.apache.tomcat.util.net.NioEndpoint.bind(NioEndpoint.java:210)
	at org.apache.tomcat.util.net.AbstractEndpoint.start(AbstractEndpoint.java:990)
	at org.apache.coyote.AbstractProtocol.start(AbstractProtocol.java:635)
	at org.apache.catalina.connector.Connector.startInternal(Connector.java:1022)
	... 22 common frames omitted
"2017-12-11 17:34:40 - Stopping service [Tomcat]
""2017-12-11 17:34:40 - 

Error starting ApplicationContext. To display the auto-configuration report re-run your application with 'debug' enabled.
""2017-12-11 17:34:40 - 

***************************
APPLICATION FAILED TO START
***************************

Description:

The Tomcat connector configured to listen on port 8083 failed to start. The port may already be in use or the connector may be misconfigured.

Action:

Verify the connector's configuration, identify and stop any process that's listening on port 8083, or configure this application to listen on another port.

""2017-12-11 17:34:40 - Closing org.springframework.boot.context.embedded.AnnotationConfigEmbeddedWebApplicationContext@621be5d1: startup date [Mon Dec 11 17:34:25 IST 2017]; root of context hierarchy
""2017-12-11 17:34:40 - Stopping beans in phase 2147483647
""2017-12-11 17:34:40 - Unregistering JMX-exposed beans on shutdown
"Error: Unable to access jarfile dhc-service-1.0.0.jar-Dspring.config.location=/home/sachin/dhc/config/application.yml
"2017-12-11 18:02:08 - Closing org.springframework.boot.context.embedded.AnnotationConfigEmbeddedWebApplicationContext@621be5d1: startup date [Mon Dec 11 17:33:33 IST 2017]; root of context hierarchy
""2017-12-11 18:02:08 - Stopping beans in phase 2147483647
""2017-12-11 18:02:08 - Unregistering JMX-exposed beans on shutdown
"